d:\林风羽的办公作业\驱动\kmdf driver2\x64\debug\vc143.pdb
d:\林风羽的办公作业\驱动\kmdf driver2\x64\debug\queue.obj
d:\林风羽的办公作业\驱动\kmdf driver2\x64\debug\driver.obj
d:\林风羽的办公作业\驱动\kmdf driver2\x64\debug\device.obj
d:\林风羽的办公作业\驱动\kmdf driver2\x64\debug\kmdfdriver2.sys
d:\林风羽的办公作业\驱动\kmdf driver2\x64\debug\kmdfdriver2.pdb
d:\林风羽的办公作业\驱动\kmdf driver2\x64\debug\kmdfdriver2.inf
d:\林风羽的办公作业\驱动\kmdf driver2\x64\debug\kmdfdriver2.cer
d:\林风羽的办公作业\驱动\kmdf driver2\x64\debug\wdf框架即插即用驱动的3环形程序.pdb
d:\林风羽的办公作业\驱动\kmdf driver2\x64\debug\kmdf driver2.tlog\cl.command.1.tlog
d:\林风羽的办公作业\驱动\kmdf driver2\x64\debug\kmdf driver2.tlog\cl.items.tlog
d:\林风羽的办公作业\驱动\kmdf driver2\x64\debug\kmdf driver2.tlog\cl.read.1.tlog
d:\林风羽的办公作业\驱动\kmdf driver2\x64\debug\kmdf driver2.tlog\cl.write.1.tlog
d:\林风羽的办公作业\驱动\kmdf driver2\x64\debug\kmdf driver2.tlog\link.command.1.tlog
d:\林风羽的办公作业\驱动\kmdf driver2\x64\debug\kmdf driver2.tlog\link.read.1.tlog
d:\林风羽的办公作业\驱动\kmdf driver2\x64\debug\kmdf driver2.tlog\link.secondary.1.tlog
d:\林风羽的办公作业\驱动\kmdf driver2\x64\debug\kmdf driver2.tlog\link.write.1.tlog
d:\林风羽的办公作业\驱动\kmdf driver2\x64\debug\kmdf driver2.tlog\signtool.command.1.tlog
d:\林风羽的办公作业\驱动\kmdf driver2\x64\debug\kmdf driver2.tlog\signtool.read.1.tlog
d:\林风羽的办公作业\驱动\kmdf driver2\x64\debug\kmdf driver2.tlog\signtool.timestamp.1.tlog
d:\林风羽的办公作业\驱动\kmdf driver2\x64\debug\kmdf driver2.tlog\signtool.write.1.tlog
d:\林风羽的办公作业\驱动\kmdf driver2\x64\debug\kmdf driver2.tlog\stampinf.command.1.tlog
d:\林风羽的办公作业\驱动\kmdf driver2\x64\debug\kmdf driver2.tlog\stampinf.read.1.tlog
d:\林风羽的办公作业\驱动\kmdf driver2\x64\debug\kmdf driver2.tlog\stampinf.write.1.tlog
