  Building 'KMDF Driver2' with toolset 'WindowsKernelModeDriver10.0' and the 'Universal' target platform.
  Stamping x64\Debug\KMDFDriver2.inf
  Stamping [Version] section with DriverVer=09/19/2025,20.24.44.605
  Device.c
  Driver.c
C:\Users\hulirou\Desktop\驱动开发工具集\我写的驱动\一个没有报错的vhf框架驱动项目\KMDF Driver2\Device.c(88,106): warning C4090: “函数”: 不同的“const”限定符
C:\Users\hulirou\Desktop\驱动开发工具集\我写的驱动\一个没有报错的vhf框架驱动项目\KMDF Driver2\Driver.c(28,1): warning C4102: “End”: 未引用的标签
  Queue.c
C:\Users\hulirou\Desktop\驱动开发工具集\我写的驱动\一个没有报错的vhf框架驱动项目\KMDF Driver2\Queue.c(31,29): warning C4210: 使用了非标准扩展: 函数给定文件范围
C:\Users\hulirou\Desktop\驱动开发工具集\我写的驱动\一个没有报错的vhf框架驱动项目\KMDF Driver2\Queue.c(144,27): warning C4189: “releaseReport”: 局部变量已初始化但不引用
C:\Users\hulirou\Desktop\驱动开发工具集\我写的驱动\一个没有报错的vhf框架驱动项目\KMDF Driver2\Queue.c(170,27): warning C4189: “pressReport”: 局部变量已初始化但不引用
C:\Users\hulirou\Desktop\驱动开发工具集\我写的驱动\一个没有报错的vhf框架驱动项目\KMDF Driver2\Queue.c(216,17): warning C4100: 'OutputBufferLength': 未引用的参数
C:\Users\hulirou\Desktop\驱动开发工具集\我写的驱动\一个没有报错的vhf框架驱动项目\KMDF Driver2\Queue.c(214,19): warning C4100: 'Queue': 未引用的参数
C:\Users\hulirou\Desktop\驱动开发工具集\我写的驱动\一个没有报错的vhf框架驱动项目\KMDF Driver2\Queue.c(223,11): warning C4189: “OutputBuffer”: 局部变量已初始化但不引用
C:\Users\hulirou\Desktop\驱动开发工具集\我写的驱动\一个没有报错的vhf框架驱动项目\KMDF Driver2\Queue.c(224,12): warning C4189: “OutputBufferLengthRet”: 局部变量已初始化但不引用
  正在生成代码...
C:\Users\hulirou\Desktop\驱动开发工具集\我写的驱动\一个没有报错的vhf框架驱动项目\KMDF Driver2\Device.c(128,1): warning C4715: “EvtDriverDeviceAdd”: 不是所有的控件路径都返回值
  KMDF Driver2.vcxproj -> C:\Users\hulirou\Desktop\驱动开发工具集\我写的驱动\一个没有报错的vhf框架驱动项目\KMDF Driver2\x64\Debug\KMDFDriver2.sys
  Done Adding Additional Store
  Successfully signed: C:\Users\hulirou\Desktop\\\vhf\KMDF Driver2\x64\Debug\KMDFDriver2.sys
  
  Driver is 'Universal'.
  DrvCat task was skipped as there was no catalog file to process
  
