c:\users\hulirou\desktop\驱动开发工具集\我写的驱动\一个没有报错的vhf框架驱动项目\kmdf driver2\x64\debug\vc143.pdb
c:\users\hulirou\desktop\驱动开发工具集\我写的驱动\一个没有报错的vhf框架驱动项目\kmdf driver2\x64\debug\queue.obj
c:\users\hulirou\desktop\驱动开发工具集\我写的驱动\一个没有报错的vhf框架驱动项目\kmdf driver2\x64\debug\driver.obj
c:\users\hulirou\desktop\驱动开发工具集\我写的驱动\一个没有报错的vhf框架驱动项目\kmdf driver2\x64\debug\device.obj
c:\users\hulirou\desktop\驱动开发工具集\我写的驱动\一个没有报错的vhf框架驱动项目\kmdf driver2\x64\debug\kmdfdriver2.sys
c:\users\hulirou\desktop\驱动开发工具集\我写的驱动\一个没有报错的vhf框架驱动项目\kmdf driver2\x64\debug\kmdfdriver2.pdb
c:\users\hulirou\desktop\驱动开发工具集\我写的驱动\一个没有报错的vhf框架驱动项目\kmdf driver2\x64\debug\kmdfdriver2.inf
c:\users\hulirou\desktop\驱动开发工具集\我写的驱动\一个没有报错的vhf框架驱动项目\kmdf driver2\x64\debug\kmdfdriver2.cer
c:\users\hulirou\desktop\驱动开发工具集\我写的驱动\一个没有报错的vhf框架驱动项目\kmdf driver2\x64\debug\kmdf driver2.tlog\cl.command.1.tlog
c:\users\hulirou\desktop\驱动开发工具集\我写的驱动\一个没有报错的vhf框架驱动项目\kmdf driver2\x64\debug\kmdf driver2.tlog\cl.items.tlog
c:\users\hulirou\desktop\驱动开发工具集\我写的驱动\一个没有报错的vhf框架驱动项目\kmdf driver2\x64\debug\kmdf driver2.tlog\cl.read.1.tlog
c:\users\hulirou\desktop\驱动开发工具集\我写的驱动\一个没有报错的vhf框架驱动项目\kmdf driver2\x64\debug\kmdf driver2.tlog\cl.write.1.tlog
c:\users\hulirou\desktop\驱动开发工具集\我写的驱动\一个没有报错的vhf框架驱动项目\kmdf driver2\x64\debug\kmdf driver2.tlog\link.command.1.tlog
c:\users\hulirou\desktop\驱动开发工具集\我写的驱动\一个没有报错的vhf框架驱动项目\kmdf driver2\x64\debug\kmdf driver2.tlog\link.read.1.tlog
c:\users\hulirou\desktop\驱动开发工具集\我写的驱动\一个没有报错的vhf框架驱动项目\kmdf driver2\x64\debug\kmdf driver2.tlog\link.secondary.1.tlog
c:\users\hulirou\desktop\驱动开发工具集\我写的驱动\一个没有报错的vhf框架驱动项目\kmdf driver2\x64\debug\kmdf driver2.tlog\link.write.1.tlog
c:\users\hulirou\desktop\驱动开发工具集\我写的驱动\一个没有报错的vhf框架驱动项目\kmdf driver2\x64\debug\kmdf driver2.tlog\signtool.command.1.tlog
c:\users\hulirou\desktop\驱动开发工具集\我写的驱动\一个没有报错的vhf框架驱动项目\kmdf driver2\x64\debug\kmdf driver2.tlog\signtool.read.1.tlog
c:\users\hulirou\desktop\驱动开发工具集\我写的驱动\一个没有报错的vhf框架驱动项目\kmdf driver2\x64\debug\kmdf driver2.tlog\signtool.timestamp.1.tlog
c:\users\hulirou\desktop\驱动开发工具集\我写的驱动\一个没有报错的vhf框架驱动项目\kmdf driver2\x64\debug\kmdf driver2.tlog\signtool.write.1.tlog
c:\users\hulirou\desktop\驱动开发工具集\我写的驱动\一个没有报错的vhf框架驱动项目\kmdf driver2\x64\debug\kmdf driver2.tlog\stampinf.command.1.tlog
c:\users\hulirou\desktop\驱动开发工具集\我写的驱动\一个没有报错的vhf框架驱动项目\kmdf driver2\x64\debug\kmdf driver2.tlog\stampinf.read.1.tlog
c:\users\hulirou\desktop\驱动开发工具集\我写的驱动\一个没有报错的vhf框架驱动项目\kmdf driver2\x64\debug\kmdf driver2.tlog\stampinf.write.1.tlog
